\BOOKMARK [1][-]{section.1}{\376\377\174\373\176\337\140\073\117\123\213\276\213\241}{}% 1
\BOOKMARK [2][-]{subsection.1.1}{\376\377\230\171\166\356\200\314\146\157\116\016\166\356\150\007}{section.1}% 2
\BOOKMARK [2][-]{subsection.1.2}{\376\377\174\373\176\337\122\237\200\375\151\202\217\360}{section.1}% 3
\BOOKMARK [2][-]{subsection.1.3}{\376\377\174\373\176\337\140\073\117\123\147\266\147\204\213\276\213\241}{section.1}% 4
\BOOKMARK [3][-]{subsubsection.1.3.1}{\376\377\147\266\147\204\230\316\150\074\213\364\146\016}{subsection.1.3}% 5
\BOOKMARK [3][-]{subsubsection.1.3.2}{\376\377\174\373\176\337\145\164\117\123\176\323\147\204\126\376}{subsection.1.3}% 6
\BOOKMARK [2][-]{subsection.1.4}{\376\377\142\200\147\057\220\011\127\213\213\364\146\016}{section.1}% 7
\BOOKMARK [3][-]{subsubsection.1.4.1}{\376\377\137\000\123\321\213\355\212\000\060\001\150\106\147\266\060\001\145\160\143\156\136\223\116\016\116\055\225\364\116\366}{subsection.1.4}% 8
\BOOKMARK [3][-]{subsubsection.1.4.2}{\376\377\220\011\127\213\164\006\165\061\122\006\147\220}{subsection.1.4}% 9
\BOOKMARK [1][-]{section.2}{\376\377\213\346\176\306\213\276\213\241}{}% 10
\BOOKMARK [2][-]{subsection.2.1}{\376\377\152\041\127\127\122\022\122\006\116\016\152\041\127\127\122\237\200\375\213\276\213\241}{section.2}% 11
\BOOKMARK [3][-]{subsubsection.2.1.1}{\376\377\152\041\127\127\200\114\215\043\213\364\146\016}{subsection.2.1}% 12
\BOOKMARK [3][-]{subsubsection.2.1.2}{\376\377\152\041\127\127\116\113\225\364\166\204\214\003\165\050\121\163\174\373}{subsection.2.1}% 13
\BOOKMARK [2][-]{subsection.2.2}{\376\377\150\070\137\303\116\032\122\241\155\101\172\013\213\276\213\241}{section.2}% 14
\BOOKMARK [2][-]{subsection.2.3}{\376\377\143\245\123\343\213\276\213\241}{section.2}% 15
\BOOKMARK [1][-]{section.3}{\376\377\000U\000M\000L\000\040\213\276\213\241}{}% 16
\BOOKMARK [2][-]{subsection.3.1}{\376\377\165\050\117\213\126\376\377\010\000U\000s\000e\000\040\000C\000a\000s\000e\000\040\000D\000i\000a\000g\000r\000a\000m\377\011}{section.3}% 17
\BOOKMARK [2][-]{subsection.3.2}{\376\377\174\173\126\376\377\010\000C\000l\000a\000s\000s\000\040\000D\000i\000a\000g\000r\000a\000m\377\011}{section.3}% 18
\BOOKMARK [2][-]{subsection.3.3}{\376\377\230\172\136\217\126\376\377\010\000S\000e\000q\000u\000e\000n\000c\000e\000\040\000D\000i\000a\000g\000r\000a\000m\377\011}{section.3}% 19
\BOOKMARK [2][-]{subsection.3.4}{\376\377\176\304\116\366\126\376\116\016\220\350\177\162\126\376\377\010\122\240\122\006\230\171\377\011}{section.3}% 20
\BOOKMARK [1][-]{section.4}{\376\377\145\160\143\156\136\223\213\276\213\241}{}% 21
\BOOKMARK [2][-]{subsection.4.1}{\376\377\145\160\143\156\136\223\000\040\000E\000-\000R\000\040\126\376}{section.4}% 22
\BOOKMARK [2][-]{subsection.4.2}{\376\377\116\073\211\201\145\160\143\156\210\150\213\276\213\241}{section.4}% 23
\BOOKMARK [1][-]{section.5}{\376\377\121\166\116\326\121\205\133\271}{}% 24
\BOOKMARK [2][-]{subsection.5.1}{\376\377\133\211\121\150\140\047\213\276\213\241}{section.5}% 25
\BOOKMARK [2][-]{subsection.5.2}{\376\377\140\047\200\375\117\030\123\026\213\276\213\241}{section.5}% 26
\BOOKMARK [2][-]{subsection.5.3}{\376\377\123\357\142\151\134\125\140\047\213\276\213\241}{section.5}% 27
\BOOKMARK [2][-]{subsection.5.4}{\376\377\137\002\136\070\131\004\164\006\147\072\122\066}{section.5}% 28
\BOOKMARK [2][-]{subsection.5.5}{\376\377\145\345\137\327\116\016\166\321\143\247\145\271\150\110}{section.5}% 29
